<?xml version="1.0" encoding="UTF-8"?>
<testsuite xmlns:xsi="http://www.w3.org/2001/XMLSchema-instance" xsi:noNamespaceSchemaLocation="https://maven.apache.org/surefire/maven-surefire-plugin/xsd/surefire-test-report.xsd" name="com.slotegrator.api.ApiTests" time="8.005" tests="5" errors="0" skipped="0" failures="0">
  <properties>
[...]
</properties>
  <testcase name="getGuestAccessToken" classname="com.slotegrator.api.ApiTests" time="4.714"/>
  <testcase name="registerNewPlayer" classname="com.slotegrator.api.ApiTests" time="1.643"/>
  <testcase name="authAsPlayer" classname="com.slotegrator.api.ApiTests" time="0.623"/>
  <testcase name="getPlayerProfile" classname="com.slotegrator.api.ApiTests" time="0.423"/>
  <testcase name="getOtherPlayerProfile" classname="com.slotegrator.api.ApiTests" time="0.357"/>
</testsuite>